#
# There is insufficient memory for the Java Runtime Environment to continue.
# Native memory allocation (malloc) failed to allocate 123936 bytes for Chunk::new
# Possible reasons:
#   The system is out of physical RAM or swap space
#   The process is running with CompressedOops enabled, and the Java Heap may be blocking the growth of the native heap
# Possible solutions:
#   Reduce memory load on the system
#   Increase physical memory or swap space
#   Check if swap backing store is full
#   Decrease Java heap size (-Xmx/-Xms)
#   Decrease number of Java threads
#   Decrease Java thread stack sizes (-Xss)
#   Set larger code cache with -XX:ReservedCodeCacheSize=
#   JVM is running with Unscaled Compressed Oops mode in which the Java heap is
#     placed in the first 4GB address space. The Java Heap base address is the
#     maximum limit for the native heap growth. Please use -XX:HeapBaseMinAddress
#     to set the Java Heap base and to place the Java Heap above 4GB virtual address.
# This output file may be truncated or incomplete.
#
#  Out of Memory Error (allocation.cpp:389), pid=9832, tid=0x00000000000028bc
#
# JRE version: Java(TM) SE Runtime Environment (8.0_311-b11) (build 1.8.0_311-b11)
# Java VM: Java HotSpot(TM) 64-Bit Server VM (25.311-b11 mixed mode windows-amd64 compressed oops)
# Failed to write core dump. Minidumps are not enabled by default on client versions of Windows
#

---------------  T H R E A D  ---------------

Current thread (0x000001ae36510800):  JavaThread "C2 CompilerThread0" daemon [_thread_in_native, id=10428, stack(0x00000093f9800000,0x00000093f9900000)]

Stack: [0x00000093f9800000,0x00000093f9900000]
Native frames: (J=compiled Java code, j=interpreted, Vv=VM code, C=native code)
V  [jvm.dll+0x32f239]
V  [jvm.dll+0x275882]
V  [jvm.dll+0x27652d]
V  [jvm.dll+0x26cf65]
V  [jvm.dll+0xd558c]
V  [jvm.dll+0xd5d8c]
V  [jvm.dll+0x453642]
V  [jvm.dll+0x48e6bd]
V  [jvm.dll+0x442ab8]
V  [jvm.dll+0x4404ab]
V  [jvm.dll+0x42b38b]
V  [jvm.dll+0xac22b]
V  [jvm.dll+0xaa88b]
V  [jvm.dll+0x23df22]
V  [jvm.dll+0x29253c]
C  [ucrtbase.dll+0x21bb2]
C  [KERNEL32.DLL+0x17034]
C  [ntdll.dll+0x52651]


Current CompileTask:
C2: 373500 3277       4       java.util.regex.Pattern$SliceI::match (96 bytes)


---------------  P R O C E S S  ---------------

Java Threads: ( => current thread )
  0x000001ae38345000 JavaThread "Driver Command Executor" daemon [_thread_blocked, id=9600, stack(0x00000093fa500000,0x00000093fa600000)]
  0x000001ae38346800 JavaThread "Driver Command Executor" daemon [_thread_blocked, id=12080, stack(0x00000093fa400000,0x00000093fa500000)]
  0x000001ae38344000 JavaThread "AsyncHttpClient-1-9" daemon [_thread_in_native, id=11520, stack(0x00000093fab00000,0x00000093fac00000)]
  0x000001ae3834b000 JavaThread "AsyncHttpClient-1-8" daemon [_thread_in_native, id=8524, stack(0x00000093fa300000,0x00000093fa400000)]
  0x000001ae3834a000 JavaThread "Exec Stream Pumper" daemon [_thread_in_native, id=5708, stack(0x00000093fa200000,0x00000093fa300000)]
  0x000001ae38349800 JavaThread "Exec Stream Pumper" daemon [_thread_in_native, id=9140, stack(0x00000093fa100000,0x00000093fa200000)]
  0x000001ae38342000 JavaThread "Driver Service Executor" daemon [_thread_blocked, id=284, stack(0x00000093fa000000,0x00000093fa100000)]
  0x000001ae38348800 JavaThread "Driver Service Executor" daemon [_thread_blocked, id=5796, stack(0x00000093f8b00000,0x00000093f8c00000)]
  0x000001ae38348000 JavaThread "Exec Default Executor" daemon [_thread_in_native, id=2016, stack(0x00000093f8a00000,0x00000093f8b00000)]
  0x000001ae38345800 JavaThread "AsyncHttpClient-1-7" daemon [_thread_in_native, id=1752, stack(0x00000093fad00000,0x00000093fae00000)]
  0x000001ae38342800 JavaThread "AsyncHttpClient-1-6" daemon [_thread_in_native, id=4608, stack(0x00000093fac00000,0x00000093fad00000)]
  0x000001ae38347000 JavaThread "AsyncHttpClient-1-5" daemon [_thread_in_native, id=13120, stack(0x00000093fa900000,0x00000093faa00000)]
  0x000001ae38550000 JavaThread "AsyncHttpClient-1-4" daemon [_thread_in_native, id=9472, stack(0x00000093fa700000,0x00000093fa800000)]
  0x000001ae3854f000 JavaThread "AsyncHttpClient-1-3" daemon [_thread_in_native, id=12740, stack(0x00000093f9e00000,0x00000093f9f00000)]
  0x000001ae3854e800 JavaThread "AsyncHttpClient-1-2" daemon [_thread_in_native, id=2472, stack(0x00000093fa800000,0x00000093fa900000)]
  0x000001ae38e87800 JavaThread "AsyncHttpClient-1-1" daemon [_thread_blocked, id=4812, stack(0x00000093f9f00000,0x00000093fa000000)]
  0x000001ae376c8800 JavaThread "Service Thread" daemon [_thread_blocked, id=6468, stack(0x00000093f9b00000,0x00000093f9c00000)]
  0x000001ae36517000 JavaThread "C1 CompilerThread2" daemon [_thread_blocked, id=12248, stack(0x00000093f9a00000,0x00000093f9b00000)]
  0x000001ae36514800 JavaThread "C2 CompilerThread1" daemon [_thread_blocked, id=8408, stack(0x00000093f9900000,0x00000093f9a00000)]
=>0x000001ae36510800 JavaThread "C2 CompilerThread0" daemon [_thread_in_native, id=10428, stack(0x00000093f9800000,0x00000093f9900000)]
  0x000001ae3650d800 JavaThread "Monitor Ctrl-Break" daemon [_thread_in_native, id=3724, stack(0x00000093f9700000,0x00000093f9800000)]
  0x000001ae364a8800 JavaThread "Attach Listener" daemon [_thread_blocked, id=2372, stack(0x00000093f9600000,0x00000093f9700000)]
  0x000001ae364a7800 JavaThread "Signal Dispatcher" daemon [_thread_blocked, id=10848, stack(0x00000093f9500000,0x00000093f9600000)]
  0x000001ae36483000 JavaThread "Finalizer" daemon [_thread_blocked, id=13016, stack(0x00000093f9400000,0x00000093f9500000)]
  0x000001ae3647b000 JavaThread "Reference Handler" daemon [_thread_blocked, id=8356, stack(0x00000093f9300000,0x00000093f9400000)]
  0x000001ae229d2800 JavaThread "Forwarding quit on session 823dc1a24b68fc659294e3b56bcfd307 to remote" [_thread_blocked, id=8552, stack(0x00000093f8d00000,0x00000093f8e00000)]

Other Threads:
  0x000001ae3644f800 VMThread [stack: 0x00000093f9200000,0x00000093f9300000] [id=11100]
  0x000001ae3659e000 WatcherThread [stack: 0x00000093f9c00000,0x00000093f9d00000] [id=12776]

VM state:not at safepoint (normal execution)

VM Mutex/Monitor currently owned by a thread: None

heap address: 0x00000000c1e00000, size: 994 MB, Compressed Oops mode: 32-bit
Narrow klass base: 0x0000000000000000, Narrow klass shift: 3
Compressed class space size: 1073741824 Address: 0x0000000100000000

Heap:
 PSYoungGen      total 45056K, used 34174K [0x00000000eb500000, 0x00000000ee780000, 0x0000000100000000)
  eden space 38912K, 82% used [0x00000000eb500000,0x00000000ed434540,0x00000000edb00000)
  from space 6144K, 36% used [0x00000000ee100000,0x00000000ee32b3b0,0x00000000ee700000)
  to   space 6144K, 0% used [0x00000000edb00000,0x00000000edb00000,0x00000000ee100000)
 ParOldGen       total 70144K, used 41211K [0x00000000c1e00000, 0x00000000c6280000, 0x00000000eb500000)
  object space 70144K, 58% used [0x00000000c1e00000,0x00000000c463ecc0,0x00000000c6280000)
 Metaspace       used 26755K, capacity 28104K, committed 28288K, reserved 1073152K
  class space    used 3380K, capacity 3688K, committed 3712K, reserved 1048576K

Card table byte_map: [0x000001ae33620000,0x000001ae33820000] byte_map_base: 0x000001ae33011000

Marking Bits: (ParMarkBitMap*) 0x0000000074948030
 Begin Bits: [0x000001ae33970000, 0x000001ae348f8000)
 End Bits:   [0x000001ae348f8000, 0x000001ae35880000)

Polling page: 0x000001ae24230000

CodeCache: size=245760Kb used=8600Kb max_used=8600Kb free=237159Kb
 bounds [0x000001ae24260000, 0x000001ae24ae0000, 0x000001ae33260000]
 total_blobs=3454 nmethods=2956 adapters=411
 compilation: enabled

Compilation events (10 events):
Event: 316.266 Thread 0x000001ae36517000 nmethod 3272 0x000001ae244e6ad0 code [0x000001ae244e6c60, 0x000001ae244e7080]
Event: 316.267 Thread 0x000001ae36517000 3273       3       java.util.concurrent.ConcurrentHashMap$ValueIterator::<init> (12 bytes)
Event: 316.268 Thread 0x000001ae36517000 nmethod 3273 0x000001ae244e6550 code [0x000001ae244e66c0, 0x000001ae244e69a0]
Event: 327.365 Thread 0x000001ae36517000 3274       3       io.netty.util.concurrent.ImmediateExecutor::execute (15 bytes)
Event: 327.691 Thread 0x000001ae36517000 nmethod 3274 0x000001ae24aca150 code [0x000001ae24aca2e0, 0x000001ae24aca640]
Event: 328.393 Thread 0x000001ae36517000 3275   !   3       io.netty.util.HashedWheelTimer$HashedWheelTimeout::run (63 bytes)
Event: 329.014 Thread 0x000001ae36517000 nmethod 3275 0x000001ae24acd190 code [0x000001ae24acd420, 0x000001ae24ace820]
Event: 340.407 Thread 0x000001ae36517000 3276       3       java.util.regex.Pattern$SliceNode::<init> (10 bytes)
Event: 340.643 Thread 0x000001ae36517000 nmethod 3276 0x000001ae24ac9c90 code [0x000001ae24ac9e00, 0x000001ae24aca058]
Event: 340.737 Thread 0x000001ae36510800 3277       4       java.util.regex.Pattern$SliceI::match (96 bytes)

GC Heap History (10 events):
Event: 15.282 GC heap before
{Heap before GC invocations=10 (full 1):
 PSYoungGen      total 29184K, used 28957K [0x00000000eb500000, 0x00000000edd00000, 0x0000000100000000)
  eden space 27136K, 100% used [0x00000000eb500000,0x00000000ecf80000,0x00000000ecf80000)
  from space 2048K, 88% used [0x00000000edb00000,0x00000000edcc77b0,0x00000000edd00000)
  to   space 6144K, 0% used [0x00000000ed100000,0x00000000ed100000,0x00000000ed700000)
 ParOldGen       total 32768K, used 8269K [0x00000000c1e00000, 0x00000000c3e00000, 0x00000000eb500000)
  object space 32768K, 25% used [0x00000000c1e00000,0x00000000c26136d0,0x00000000c3e00000)
 Metaspace       used 23963K, capacity 25012K, committed 25216K, reserved 1071104K
  class space    used 3075K, capacity 3370K, committed 3456K, reserved 1048576K
Event: 15.298 GC heap after
Heap after GC invocations=10 (full 1):
 PSYoungGen      total 34816K, used 1899K [0x00000000eb500000, 0x00000000ee600000, 0x0000000100000000)
  eden space 28672K, 0% used [0x00000000eb500000,0x00000000eb500000,0x00000000ed100000)
  from space 6144K, 30% used [0x00000000ed100000,0x00000000ed2dacf0,0x00000000ed700000)
  to   space 6144K, 0% used [0x00000000ee000000,0x00000000ee000000,0x00000000ee600000)
 ParOldGen       total 32768K, used 24661K [0x00000000c1e00000, 0x00000000c3e00000, 0x00000000eb500000)
  object space 32768K, 75% used [0x00000000c1e00000,0x00000000c36156e0,0x00000000c3e00000)
 Metaspace       used 23963K, capacity 25012K, committed 25216K, reserved 1071104K
  class space    used 3075K, capacity 3370K, committed 3456K, reserved 1048576K
}
Event: 15.298 GC heap before
{Heap before GC invocations=11 (full 2):
 PSYoungGen      total 34816K, used 1899K [0x00000000eb500000, 0x00000000ee600000, 0x0000000100000000)
  eden space 28672K, 0% used [0x00000000eb500000,0x00000000eb500000,0x00000000ed100000)
  from space 6144K, 30% used [0x00000000ed100000,0x00000000ed2dacf0,0x00000000ed700000)
  to   space 6144K, 0% used [0x00000000ee000000,0x00000000ee000000,0x00000000ee600000)
 ParOldGen       total 32768K, used 24661K [0x00000000c1e00000, 0x00000000c3e00000, 0x00000000eb500000)
  object space 32768K, 75% used [0x00000000c1e00000,0x00000000c36156e0,0x00000000c3e00000)
 Metaspace       used 23963K, capacity 25012K, committed 25216K, reserved 1071104K
  class space    used 3075K, capacity 3370K, committed 3456K, reserved 1048576K
Event: 15.412 GC heap after
Heap after GC invocations=11 (full 2):
 PSYoungGen      total 34816K, used 0K [0x00000000eb500000, 0x00000000ee600000, 0x0000000100000000)
  eden space 28672K, 0% used [0x00000000eb500000,0x00000000eb500000,0x00000000ed100000)
  from space 6144K, 0% used [0x00000000ed100000,0x00000000ed100000,0x00000000ed700000)
  to   space 6144K, 0% used [0x00000000ee000000,0x00000000ee000000,0x00000000ee600000)
 ParOldGen       total 70144K, used 24803K [0x00000000c1e00000, 0x00000000c6280000, 0x00000000eb500000)
  object space 70144K, 35% used [0x00000000c1e00000,0x00000000c3638cb0,0x00000000c6280000)
 Metaspace       used 23963K, capacity 25012K, committed 25216K, reserved 1071104K
  class space    used 3075K, capacity 3370K, committed 3456K, reserved 1048576K
}
Event: 41.289 GC heap before
{Heap before GC invocations=12 (full 2):
 PSYoungGen      total 34816K, used 28672K [0x00000000eb500000, 0x00000000ee600000, 0x0000000100000000)
  eden space 28672K, 100% used [0x00000000eb500000,0x00000000ed100000,0x00000000ed100000)
  from space 6144K, 0% used [0x00000000ed100000,0x00000000ed100000,0x00000000ed700000)
  to   space 6144K, 0% used [0x00000000ee000000,0x00000000ee000000,0x00000000ee600000)
 ParOldGen       total 70144K, used 24803K [0x00000000c1e00000, 0x00000000c6280000, 0x00000000eb500000)
  object space 70144K, 35% used [0x00000000c1e00000,0x00000000c3638cb0,0x00000000c6280000)
 Metaspace       used 26035K, capacity 27328K, committed 27520K, reserved 1073152K
  class space    used 3348K, capacity 3664K, committed 3712K, reserved 1048576K
Event: 41.293 GC heap after
Heap after GC invocations=12 (full 2):
 PSYoungGen      total 36864K, used 2885K [0x00000000eb500000, 0x00000000ee300000, 0x0000000100000000)
  eden space 33792K, 0% used [0x00000000eb500000,0x00000000eb500000,0x00000000ed600000)
  from space 3072K, 93% used [0x00000000ee000000,0x00000000ee2d1548,0x00000000ee300000)
  to   space 6144K, 0% used [0x00000000ed700000,0x00000000ed700000,0x00000000edd00000)
 ParOldGen       total 70144K, used 24811K [0x00000000c1e00000, 0x00000000c6280000, 0x00000000eb500000)
  object space 70144K, 35% used [0x00000000c1e00000,0x00000000c363acb0,0x00000000c6280000)
 Metaspace       used 26035K, capacity 27328K, committed 27520K, reserved 1073152K
  class space    used 3348K, capacity 3664K, committed 3712K, reserved 1048576K
}
Event: 48.229 GC heap before
{Heap before GC invocations=13 (full 2):
 PSYoungGen      total 36864K, used 20836K [0x00000000eb500000, 0x00000000ee300000, 0x0000000100000000)
  eden space 33792K, 53% used [0x00000000eb500000,0x00000000ec687cb0,0x00000000ed600000)
  from space 3072K, 93% used [0x00000000ee000000,0x00000000ee2d1548,0x00000000ee300000)
  to   space 6144K, 0% used [0x00000000ed700000,0x00000000ed700000,0x00000000edd00000)
 ParOldGen       total 70144K, used 24811K [0x00000000c1e00000, 0x00000000c6280000, 0x00000000eb500000)
  object space 70144K, 35% used [0x00000000c1e00000,0x00000000c363acb0,0x00000000c6280000)
 Metaspace       used 26363K, capacity 27678K, committed 27776K, reserved 1073152K
  class space    used 3373K, capacity 3683K, committed 3712K, reserved 1048576K
Event: 48.232 GC heap after
Heap after GC invocations=13 (full 2):
 PSYoungGen      total 40960K, used 1715K [0x00000000eb500000, 0x00000000ee700000, 0x0000000100000000)
  eden space 34816K, 0% used [0x00000000eb500000,0x00000000eb500000,0x00000000ed700000)
  from space 6144K, 27% used [0x00000000ed700000,0x00000000ed8acc98,0x00000000edd00000)
  to   space 6144K, 0% used [0x00000000ee100000,0x00000000ee100000,0x00000000ee700000)
 ParOldGen       total 70144K, used 24819K [0x00000000c1e00000, 0x00000000c6280000, 0x00000000eb500000)
  object space 70144K, 35% used [0x00000000c1e00000,0x00000000c363ccb0,0x00000000c6280000)
 Metaspace       used 26363K, capacity 27678K, committed 27776K, reserved 1073152K
  class space    used 3373K, capacity 3683K, committed 3712K, reserved 1048576K
}
Event: 69.436 GC heap before
{Heap before GC invocations=14 (full 2):
 PSYoungGen      total 40960K, used 36531K [0x00000000eb500000, 0x00000000ee700000, 0x0000000100000000)
  eden space 34816K, 100% used [0x00000000eb500000,0x00000000ed700000,0x00000000ed700000)
  from space 6144K, 27% used [0x00000000ed700000,0x00000000ed8acc98,0x00000000edd00000)
  to   space 6144K, 0% used [0x00000000ee100000,0x00000000ee100000,0x00000000ee700000)
 ParOldGen       total 70144K, used 24819K [0x00000000c1e00000, 0x00000000c6280000, 0x00000000eb500000)
  object space 70144K, 35% used [0x00000000c1e00000,0x00000000c363ccb0,0x00000000c6280000)
 Metaspace       used 26564K, capacity 27888K, committed 28032K, reserved 1073152K
  class space    used 3373K, capacity 3684K, committed 3712K, reserved 1048576K
Event: 69.469 GC heap after
Heap after GC invocations=14 (full 2):
 PSYoungGen      total 45056K, used 2220K [0x00000000eb500000, 0x00000000ee780000, 0x0000000100000000)
  eden space 38912K, 0% used [0x00000000eb500000,0x00000000eb500000,0x00000000edb00000)
  from space 6144K, 36% used [0x00000000ee100000,0x00000000ee32b3b0,0x00000000ee700000)
  to   space 6144K, 0% used [0x00000000edb00000,0x00000000edb00000,0x00000000ee100000)
 ParOldGen       total 70144K, used 41211K [0x00000000c1e00000, 0x00000000c6280000, 0x00000000eb500000)
  object space 70144K, 58% used [0x00000000c1e00000,0x00000000c463ecc0,0x00000000c6280000)
 Metaspace       used 26564K, capacity 27888K, committed 28032K, reserved 1073152K
  class space    used 3373K, capacity 3684K, committed 3712K, reserved 1048576K
}

Deoptimization events (10 events):
Event: 11.148 Thread 0x000001ae229d2800 Uncommon trap: reason=unstable_if action=reinterpret pc=0x000001ae24431edc method=java.lang.String.replace(CC)Ljava/lang/String; @ 2
Event: 12.064 Thread 0x000001ae229d2800 Uncommon trap: reason=unstable_if action=reinterpret pc=0x000001ae24375398 method=jdk.internal.org.objectweb.asm.Type.getArgumentsAndReturnSizes(Ljava/lang/String;)I @ 41
Event: 12.382 Thread 0x000001ae229d2800 Uncommon trap: reason=unstable_if action=reinterpret pc=0x000001ae247e8fe8 method=java.util.regex.Pattern$BmpCharProperty.match(Ljava/util/regex/Matcher;ILjava/lang/CharSequence;)Z @ 34
Event: 15.273 Thread 0x000001ae3854e800 Uncommon trap: reason=unstable_if action=reinterpret pc=0x000001ae24837b98 method=java.lang.ThreadLocal$ThreadLocalMap.getEntry(Ljava/lang/ThreadLocal;)Ljava/lang/ThreadLocal$ThreadLocalMap$Entry; @ 29
Event: 16.953 Thread 0x000001ae229d2800 Uncommon trap: reason=unstable_if action=reinterpret pc=0x000001ae247b4d20 method=java.util.concurrent.ConcurrentHashMap.putVal(Ljava/lang/Object;Ljava/lang/Object;Z)Ljava/lang/Object; @ 181
Event: 47.177 Thread 0x000001ae229d2800 Uncommon trap: reason=range_check action=make_not_entrant pc=0x000001ae246766e4 method=java.lang.String.charAt(I)C @ 27
Event: 50.512 Thread 0x000001ae229d2800 Uncommon trap: reason=class_check action=maybe_recompile pc=0x000001ae24903b84 method=java.lang.AbstractStringBuilder.append(Ljava/lang/CharSequence;)Ljava/lang/AbstractStringBuilder; @ 37
Event: 50.513 Thread 0x000001ae229d2800 Uncommon trap: reason=class_check action=maybe_recompile pc=0x000001ae24903b84 method=java.lang.AbstractStringBuilder.append(Ljava/lang/CharSequence;)Ljava/lang/AbstractStringBuilder; @ 37
Event: 50.513 Thread 0x000001ae229d2800 Uncommon trap: reason=class_check action=maybe_recompile pc=0x000001ae24903b84 method=java.lang.AbstractStringBuilder.append(Ljava/lang/CharSequence;)Ljava/lang/AbstractStringBuilder; @ 37
Event: 50.513 Thread 0x000001ae229d2800 Uncommon trap: reason=class_check action=maybe_recompile pc=0x000001ae24903b84 method=java.lang.AbstractStringBuilder.append(Ljava/lang/CharSequence;)Ljava/lang/AbstractStringBuilder; @ 37

Classes redefined (0 events):
No events

Internal exceptions (10 events):
Event: 45.470 Thread 0x000001ae229d2800 Exception <a 'java/lang/NoSuchMethodError': java.lang.Object.lambda$comparing$77a9974f$1(Ljava/util/function/Function;Ljava/lang/Object;Ljava/lang/Object;)I> (0x00000000ebe67268) thrown at [C:\jenkins\workspace\8-2-build-windows-amd64-cygwin\jdk8u311\1894
Event: 46.184 Thread 0x000001ae3854f000 Exception <a 'java/io/IOException'> (0x00000000ec400dc0) thrown at [C:\jenkins\workspace\8-2-build-windows-amd64-cygwin\jdk8u311\1894\hotspot\src\share\vm\prims\jni.cpp, line 710]
Event: 47.160 Thread 0x000001ae37992000 Exception <a 'java/net/SocketTimeoutException': connect timed out> (0x00000000ec43a3c8) thrown at [C:\jenkins\workspace\8-2-build-windows-amd64-cygwin\jdk8u311\1894\hotspot\src\share\vm\prims\jni.cpp, line 737]
Event: 47.668 Thread 0x000001ae37992000 Exception <a 'java/net/SocketTimeoutException': connect timed out> (0x00000000ec43b8c8) thrown at [C:\jenkins\workspace\8-2-build-windows-amd64-cygwin\jdk8u311\1894\hotspot\src\share\vm\prims\jni.cpp, line 737]
Event: 48.184 Thread 0x000001ae37992000 Exception <a 'java/net/SocketTimeoutException': connect timed out> (0x00000000ec43cda8) thrown at [C:\jenkins\workspace\8-2-build-windows-amd64-cygwin\jdk8u311\1894\hotspot\src\share\vm\prims\jni.cpp, line 737]
Event: 70.729 Thread 0x000001ae38342800 Exception <a 'java/io/IOException'> (0x00000000ebed8d60) thrown at [C:\jenkins\workspace\8-2-build-windows-amd64-cygwin\jdk8u311\1894\hotspot\src\share\vm\prims\jni.cpp, line 710]
Event: 71.831 Thread 0x000001ae37992000 Exception <a 'java/net/SocketTimeoutException': connect timed out> (0x00000000ebef3958) thrown at [C:\jenkins\workspace\8-2-build-windows-amd64-cygwin\jdk8u311\1894\hotspot\src\share\vm\prims\jni.cpp, line 737]
Event: 72.344 Thread 0x000001ae37992000 Exception <a 'java/net/SocketTimeoutException': connect timed out> (0x00000000ebef4e58) thrown at [C:\jenkins\workspace\8-2-build-windows-amd64-cygwin\jdk8u311\1894\hotspot\src\share\vm\prims\jni.cpp, line 737]
Event: 72.869 Thread 0x000001ae37992000 Exception <a 'java/net/SocketTimeoutException': connect timed out> (0x00000000ebef6338) thrown at [C:\jenkins\workspace\8-2-build-windows-amd64-cygwin\jdk8u311\1894\hotspot\src\share\vm\prims\jni.cpp, line 737]
Event: 296.352 Thread 0x000001ae229d2800 Exception <a 'java/lang/reflect/InvocationTargetException'> (0x00000000ed2a2070) thrown at [C:\jenkins\workspace\8-2-build-windows-amd64-cygwin\jdk8u311\1894\hotspot\src\share\vm\runtime\reflection.cpp, line 1092]

Events (10 events):
Event: 328.482 loading class org/openqa/selenium/WebDriverException
Event: 328.482 loading class org/openqa/selenium/WebDriverException done
Event: 330.029 loading class org/testng/TestNGExpectedPatterns
Event: 330.029 loading class org/testng/TestNGExpectedPatterns done
Event: 333.415 loading class com/intellij/rt/execution/testFrameworks/AbstractExpectedPatterns
Event: 333.415 loading class com/intellij/rt/execution/testFrameworks/AbstractExpectedPatterns done
Event: 337.729 loading class java/util/regex/Pattern$All
Event: 340.170 loading class java/util/regex/Pattern$All done
Event: 341.396 loading class java/lang/Throwable$WrappedPrintWriter
Event: 344.305 loading class java/lang/Throwable$PrintStreamOrWriter


Dynamic libraries:
0x00007ff750a20000 - 0x00007ff750a67000 	C:\Program Files\Java\jdk1.8.0_311\bin\java.exe
0x00007ffd553f0000 - 0x00007ffd555e5000 	C:\WINDOWS\SYSTEM32\ntdll.dll
0x00007ffd546e0000 - 0x00007ffd5479e000 	C:\WINDOWS\System32\KERNEL32.DLL
0x00007ffd52cb0000 - 0x00007ffd52f78000 	C:\WINDOWS\System32\KERNELBASE.dll
0x00007ffd53a00000 - 0x00007ffd53aae000 	C:\WINDOWS\System32\ADVAPI32.dll
0x00007ffd53560000 - 0x00007ffd535fe000 	C:\WINDOWS\System32\msvcrt.dll
0x00007ffd538d0000 - 0x00007ffd5396c000 	C:\WINDOWS\System32\sechost.dll
0x00007ffd53620000 - 0x00007ffd53745000 	C:\WINDOWS\System32\RPCRT4.dll
0x00007ffd54000000 - 0x00007ffd541a1000 	C:\WINDOWS\System32\USER32.dll
0x00007ffd52f80000 - 0x00007ffd52fa2000 	C:\WINDOWS\System32\win32u.dll
0x00007ffd55380000 - 0x00007ffd553ab000 	C:\WINDOWS\System32\GDI32.dll
0x00007ffd531d0000 - 0x00007ffd532dd000 	C:\WINDOWS\System32\gdi32full.dll
0x00007ffd53330000 - 0x00007ffd533cd000 	C:\WINDOWS\System32\msvcp_win.dll
0x00007ffd52b00000 - 0x00007ffd52c00000 	C:\WINDOWS\System32\ucrtbase.dll
0x00007ffd42720000 - 0x00007ffd429ba000 	C:\WINDOWS\WinSxS\amd64_microsoft.windows.common-controls_6595b64144ccf1df_6.0.19041.1110_none_60b5254171f9507e\COMCTL32.dll
0x00007ffd53890000 - 0x00007ffd538c0000 	C:\WINDOWS\System32\IMM32.DLL
0x00007ffd4b090000 - 0x00007ffd4b0a5000 	C:\Program Files\Java\jdk1.8.0_311\jre\bin\vcruntime140.dll
0x00007ffd40720000 - 0x00007ffd407bb000 	C:\Program Files\Java\jdk1.8.0_311\jre\bin\msvcp140.dll
0x0000000074160000 - 0x00000000749c0000 	C:\Program Files\Java\jdk1.8.0_311\jre\bin\server\jvm.dll
0x00007ffd538c0000 - 0x00007ffd538c8000 	C:\WINDOWS\System32\PSAPI.DLL
0x00007ffd3c1d0000 - 0x00007ffd3c1d9000 	C:\WINDOWS\SYSTEM32\WSOCK32.dll
0x00007ffd54810000 - 0x00007ffd5487b000 	C:\WINDOWS\System32\WS2_32.dll
0x00007ffd429c0000 - 0x00007ffd429e7000 	C:\WINDOWS\SYSTEM32\WINMM.dll
0x00007ffd4c5f0000 - 0x00007ffd4c5fa000 	C:\WINDOWS\SYSTEM32\VERSION.dll
0x00007ffd50910000 - 0x00007ffd50922000 	C:\WINDOWS\SYSTEM32\kernel.appcore.dll
0x00007ffd4e590000 - 0x00007ffd4e5a0000 	C:\Program Files\Java\jdk1.8.0_311\jre\bin\verify.dll
0x00007ffd45520000 - 0x00007ffd4554b000 	C:\Program Files\Java\jdk1.8.0_311\jre\bin\java.dll
0x00007ffd41a70000 - 0x00007ffd41aa0000 	C:\Program Files\Java\jdk1.8.0_311\jre\bin\instrument.dll
0x00007ffd41830000 - 0x00007ffd41848000 	C:\Program Files\Java\jdk1.8.0_311\jre\bin\zip.dll
0x00007ffd54c30000 - 0x00007ffd55374000 	C:\WINDOWS\System32\SHELL32.dll
0x00007ffd50bf0000 - 0x00007ffd51385000 	C:\WINDOWS\SYSTEM32\windows.storage.dll
0x00007ffd54260000 - 0x00007ffd545b5000 	C:\WINDOWS\System32\combase.dll
0x00007ffd52550000 - 0x00007ffd5257e000 	C:\WINDOWS\SYSTEM32\Wldp.dll
0x00007ffd549c0000 - 0x00007ffd54a6d000 	C:\WINDOWS\System32\SHCORE.dll
0x00007ffd54880000 - 0x00007ffd548d5000 	C:\WINDOWS\System32\shlwapi.dll
0x00007ffd52a40000 - 0x00007ffd52a5f000 	C:\WINDOWS\SYSTEM32\profapi.dll
0x00007ffd41a50000 - 0x00007ffd41a6a000 	C:\Program Files\JetBrains\IntelliJ IDEA Community Edition 2018.2.8\bin\breakgen64.dll
0x00007ffd406e0000 - 0x00007ffd406fc000 	C:\Program Files\Java\jdk1.8.0_311\jre\bin\net.dll
0x00007ffd522b0000 - 0x00007ffd5231a000 	C:\WINDOWS\system32\mswsock.dll
0x00007ffd524a0000 - 0x00007ffd524b8000 	C:\WINDOWS\SYSTEM32\CRYPTSP.dll
0x00007ffd51b60000 - 0x00007ffd51b94000 	C:\WINDOWS\system32\rsaenh.dll
0x00007ffd52fb0000 - 0x00007ffd52fd7000 	C:\WINDOWS\System32\bcrypt.dll
0x00007ffd529c0000 - 0x00007ffd529ee000 	C:\WINDOWS\SYSTEM32\USERENV.dll
0x00007ffd53140000 - 0x00007ffd531c2000 	C:\WINDOWS\System32\bcryptprimitives.dll
0x00007ffd524c0000 - 0x00007ffd524cc000 	C:\WINDOWS\SYSTEM32\CRYPTBASE.dll
0x00007ffd51f50000 - 0x00007ffd51f8b000 	C:\WINDOWS\SYSTEM32\IPHLPAPI.DLL
0x00007ffd54a70000 - 0x00007ffd54a78000 	C:\WINDOWS\System32\NSI.dll
0x00007ffd45150000 - 0x00007ffd45167000 	C:\WINDOWS\SYSTEM32\dhcpcsvc6.DLL
0x00007ffd45240000 - 0x00007ffd4525d000 	C:\WINDOWS\SYSTEM32\dhcpcsvc.DLL
0x00007ffd51fe0000 - 0x00007ffd520ab000 	C:\WINDOWS\SYSTEM32\DNSAPI.dll
0x00007ffd406c0000 - 0x00007ffd406d3000 	C:\Program Files\Java\jdk1.8.0_311\jre\bin\nio.dll
0x00007ffd40690000 - 0x00007ffd406b4000 	C:\Program Files\Java\jdk1.8.0_311\jre\bin\sunec.dll
0x00007ffd43060000 - 0x00007ffd4306a000 	C:\Windows\System32\rasadhlp.dll
0x00007ffd43080000 - 0x00007ffd430ff000 	C:\WINDOWS\System32\fwpuclnt.dll
0x00007ffd4d880000 - 0x00007ffd4d88d000 	C:\Program Files\Java\jdk1.8.0_311\jre\bin\management.dll
0x00007ffd3bfe0000 - 0x00007ffd3bff7000 	C:\WINDOWS\system32\napinsp.dll
0x00007ffd3bfc0000 - 0x00007ffd3bfdb000 	C:\WINDOWS\system32\pnrpnsp.dll
0x00007ffd3bfa0000 - 0x00007ffd3bfb5000 	C:\WINDOWS\system32\wshbth.dll
0x00007ffd4e4c0000 - 0x00007ffd4e4dd000 	C:\WINDOWS\system32\NLAapi.dll
0x00007ffd3bf80000 - 0x00007ffd3bf92000 	C:\WINDOWS\System32\winrnr.dll
0x00007ffd42400000 - 0x00007ffd425e4000 	C:\WINDOWS\SYSTEM32\dbghelp.dll

VM Arguments:
jvm_args: -ea -Didea.test.cyclic.buffer.size=1048576 -javaagent:C:\Program Files\JetBrains\IntelliJ IDEA Community Edition 2018.2.8\lib\idea_rt.jar=51320:C:\Program Files\JetBrains\IntelliJ IDEA Community Edition 2018.2.8\bin -Dfile.encoding=UTF-8 
java_command: org.testng.RemoteTestNGStarter -usedefaultlisteners false -socket51319 @w@C:\Users\knopk\AppData\Local\Temp\idea_working_dirs_testng.tmp -temp C:\Users\knopk\AppData\Local\Temp\idea_testng.tmp
java_class_path (initial): C:\Program Files\JetBrains\IntelliJ IDEA Community Edition 2018.2.8\lib\idea_rt.jar;C:\Program Files\JetBrains\IntelliJ IDEA Community Edition 2018.2.8\plugins\testng\lib\testng-plugin.jar;C:\Program Files\Java\jdk1.8.0_311\jre\lib\charsets.jar;C:\Program Files\Java\jdk1.8.0_311\jre\lib\deploy.jar;C:\Program Files\Java\jdk1.8.0_311\jre\lib\ext\access-bridge-64.jar;C:\Program Files\Java\jdk1.8.0_311\jre\lib\ext\cldrdata.jar;C:\Program Files\Java\jdk1.8.0_311\jre\lib\ext\dnsns.jar;C:\Program Files\Java\jdk1.8.0_311\jre\lib\ext\jaccess.jar;C:\Program Files\Java\jdk1.8.0_311\jre\lib\ext\jfxrt.jar;C:\Program Files\Java\jdk1.8.0_311\jre\lib\ext\localedata.jar;C:\Program Files\Java\jdk1.8.0_311\jre\lib\ext\nashorn.jar;C:\Program Files\Java\jdk1.8.0_311\jre\lib\ext\sunec.jar;C:\Program Files\Java\jdk1.8.0_311\jre\lib\ext\sunjce_provider.jar;C:\Program Files\Java\jdk1.8.0_311\jre\lib\ext\sunmscapi.jar;C:\Program Files\Java\jdk1.8.0_311\jre\lib\ext\sunpkcs11.jar;C:\Program Files\Java\jdk1.8.0_311\jre\lib\ext\zipfs.jar;C:\Program Files\Java\jdk1.8.0_311\jre\lib\javaws.jar;C:\Program Files\Java\jdk1.8.0_311\jre\lib\jce.jar;C:\Program Files\Java\jdk1.8.0_311\jre\lib\jfr.jar;C:\Program Files\Java\jdk1.8.0_311\jre\lib\jfxswt.jar;C:\Program Files\Java\jdk1.8.0_311\jre\lib\jsse.jar;C:\Program Files\Java\jdk1.8.0_311\jre\lib\management-agent.jar;C:\Program Files\Java\jdk1.8.0_311\jre\lib\plugin.jar;C:\Program Files\Java\jdk1.8.0_311\jre\lib\resources.jar;C:\Program Files\Java\jdk1.8.0_311\jre\lib\rt.jar;C:\Users\knopk\Desktop\epam\ta\bbc\target\test-classes;C:\Users\knopk\Desktop\epam\ta\bbc\target\classes;C:\Users\knopk\.m2\repository\org\seleniumhq\selenium\selenium-java\4.1.1\selenium-java-4.1.1.jar;C:\Users\knopk\.m2\repository\org\seleniumhq\selenium\selenium-api\4.1.1\selenium-api-4.1.1.jar;C:\Users\knopk\.m2\repository\org\seleniumhq\selenium\selenium-chrome-driver\4.1.1\selenium-chrome-driver-4.1.1.jar;C:\Users\knopk\.m2\repository\com\google\auto
Launcher Type: SUN_STANDARD

Environment Variables:
JAVA_HOME=D:\Program Files\Java\jdk1.8.0_311
PATH=C:\Program Files (x86)\Common Files\Oracle\Java\javapath;C:\WINDOWS\system32;C:\WINDOWS;C:\WINDOWS\System32\Wbem;C:\WINDOWS\System32\WindowsPowerShell\v1.0\;C:\WINDOWS\System32\OpenSSH\;C:\Program Files\Microsoft SQL Server\130\Tools\Binn\;C:\Program Files\Git\cmd;D:\Program Files\apache-maven-3.8.4\bin;C:\Users\knopk\AppData\Local\Programs\Python\Python39\;C:\Program Files (x86)\Common Files\Oracle\Java\javapath;C:\WINDOWS\system32;C:\WINDOWS;C:\WINDOWS\System32\Wbem;C:\WINDOWS\System32\WindowsPowerShell\v1.0\;C:\WINDOWS\System32\OpenSSH\;C:\Program Files\Microsoft SQL Server\130\Tools\Binn\;C:\Program Files\Git\cmd;C:\Users\knopk\AppData\Local\Microsoft\WindowsApps;C:\intelFPGA_lite\20.1\modelsim_ase\win32aloem;C:\intelFPGA\20.1\modelsim_ase\win32aloem;C:\Python34\Scripts;C:\Users\knopk\AppData\Local\Programs\Python\Python39\Scripts\;;C:\Program Files\JetBrains\IntelliJ IDEA 2020.1.4\bin;;C:\Program Files\JetBrains\IntelliJ IDEA Community Edition 2020.1.4\bin;
USERNAME=knopk
OS=Windows_NT
PROCESSOR_IDENTIFIER=Intel64 Family 6 Model 142 Stepping 9, GenuineIntel



---------------  S Y S T E M  ---------------

OS: Windows 10.0 , 64 bit Build 19041 (10.0.19041.1466)

CPU:total 4 (initial active 4) (2 cores per cpu, 2 threads per core) family 6 model 142 stepping 9, cmov, cx8, fxsr, mmx, sse, sse2, sse3, ssse3, sse4.1, sse4.2, popcnt, aes, clmul, erms, 3dnowpref, lzcnt, ht, tsc, tscinvbit

Memory: 4k page, physical 4065932k(534652k free), swap 14581404k(192k free)

vm_info: Java HotSpot(TM) 64-Bit Server VM (25.311-b11) for windows-amd64 JRE (1.8.0_311-b11), built on Sep 27 2021 05:15:14 by "java_re" with MS VC++ 15.9 (VS2017)

time: Tue Jan 18 21:26:45 2022
timezone: Фінляндія (зима)
elapsed time: 375.162834 seconds (0d 0h 6m 15s)

